This is pdfTeX, Version 3.14159265-2.6-1.40.19 (TeX Live 2019/dev/Debian) (preloaded format=pdflatex 2018.11.13)  12 JAN 2019 12:05
entering extended mode
 restricted \write18 enabled.
 %&-line parsing enabled.
**Report.tex
(./Report.tex
LaTeX2e <2018-04-01> patch level 4
Babel <3.20> and hyphenation patterns for 84 language(s) loaded.
(./ieeeconf.cls
Document Class: ieeeconf 2016/4/23 revision V1.6b by Pradeep Misra
\@IEEEtrantmpdimenA=\dimen102
\@IEEEtrantmpdimenB=\dimen103
\@IEEEtrantmpcountA=\count80
\@IEEEtrantmpcountB=\count81
\@IEEEtrantmptoksA=\toks14
LaTeX Font Info:    Try loading font information for OT1+ptm on input line 794.

(/usr/share/texlive/texmf-dist/tex/latex/psnfss/ot1ptm.fd
File: ot1ptm.fd 2001/06/04 font definitions for OT1/ptm.
)
\@IEEEnormalsizefontbaselineskip=\skip41

-- This is a 10 point document.
\normalsizebaselineskip=\skip42
\normaljot=\skip43
LaTeX Font Info:    Font shape `OT1/ptm/bx/n' in size <5> not available
(Font)              Font shape `OT1/ptm/b/n' tried instead on input line 1113.
LaTeX Font Info:    Font shape `OT1/ptm/bx/it' in size <5> not available
(Font)              Font shape `OT1/ptm/b/it' tried instead on input line 1113.

LaTeX Font Info:    Font shape `OT1/ptm/bx/n' in size <7> not available
(Font)              Font shape `OT1/ptm/b/n' tried instead on input line 1113.
LaTeX Font Info:    Font shape `OT1/ptm/bx/it' in size <7> not available
(Font)              Font shape `OT1/ptm/b/it' tried instead on input line 1113.

LaTeX Font Info:    Font shape `OT1/ptm/bx/n' in size <8> not available
(Font)              Font shape `OT1/ptm/b/n' tried instead on input line 1113.
LaTeX Font Info:    Font shape `OT1/ptm/bx/it' in size <8> not available
(Font)              Font shape `OT1/ptm/b/it' tried instead on input line 1113.

LaTeX Font Info:    Font shape `OT1/ptm/bx/n' in size <9> not available
(Font)              Font shape `OT1/ptm/b/n' tried instead on input line 1113.
LaTeX Font Info:    Font shape `OT1/ptm/bx/it' in size <9> not available
(Font)              Font shape `OT1/ptm/b/it' tried instead on input line 1113.

LaTeX Font Info:    Font shape `OT1/ptm/bx/n' in size <10> not available
(Font)              Font shape `OT1/ptm/b/n' tried instead on input line 1113.
LaTeX Font Info:    Font shape `OT1/ptm/bx/it' in size <10> not available
(Font)              Font shape `OT1/ptm/b/it' tried instead on input line 1113.

LaTeX Font Info:    Font shape `OT1/ptm/bx/n' in size <11> not available
(Font)              Font shape `OT1/ptm/b/n' tried instead on input line 1113.
LaTeX Font Info:    Font shape `OT1/ptm/bx/it' in size <11> not available
(Font)              Font shape `OT1/ptm/b/it' tried instead on input line 1113.

LaTeX Font Info:    Font shape `OT1/ptm/bx/n' in size <12> not available
(Font)              Font shape `OT1/ptm/b/n' tried instead on input line 1113.
LaTeX Font Info:    Font shape `OT1/ptm/bx/it' in size <12> not available
(Font)              Font shape `OT1/ptm/b/it' tried instead on input line 1113.

LaTeX Font Info:    Font shape `OT1/ptm/bx/n' in size <16> not available
(Font)              Font shape `OT1/ptm/b/n' tried instead on input line 1113.
LaTeX Font Info:    Font shape `OT1/ptm/bx/it' in size <16> not available
(Font)              Font shape `OT1/ptm/b/it' tried instead on input line 1113.

LaTeX Font Info:    Font shape `OT1/ptm/bx/n' in size <20> not available
(Font)              Font shape `OT1/ptm/b/n' tried instead on input line 1113.
LaTeX Font Info:    Font shape `OT1/ptm/bx/it' in size <20> not available
(Font)              Font shape `OT1/ptm/b/it' tried instead on input line 1113.

LaTeX Font Info:    Font shape `OT1/ptm/bx/n' in size <24> not available
(Font)              Font shape `OT1/ptm/b/n' tried instead on input line 1113.
LaTeX Font Info:    Font shape `OT1/ptm/bx/it' in size <24> not available
(Font)              Font shape `OT1/ptm/b/it' tried instead on input line 1113.

\IEEEilabelindentA=\dimen104
\IEEEilabelindentB=\dimen105
\IEEEilabelindent=\dimen106
\IEEEelabelindent=\dimen107
\IEEEdlabelindent=\dimen108
\labelindent=\dimen109
\IEEEiednormlabelsep=\dimen110
\IEEEiedmathlabelsep=\dimen111
\IEEEiedtopsep=\skip44
\c@section=\count82
\c@subsection=\count83
\c@subsubsection=\count84
\c@paragraph=\count85
\c@IEEEsubequation=\count86
\abovecaptionskip=\skip45
\belowcaptionskip=\skip46
\c@figure=\count87
\c@table=\count88
\@IEEEeqnnumcols=\count89
\@IEEEeqncolcnt=\count90
\@IEEEtmpitemindent=\dimen112
\c@biography=\count91
\@IEEEtranrubishbin=\box26
)
** ATTENTION: Overriding command lockouts (line 3).
** ATTENTION: Overriding IEEE standard margins (line 6).
(/usr/share/texlive/texmf-dist/tex/latex/amsmath/amsmath.sty
Package: amsmath 2017/09/02 v2.17a AMS math features
\@mathmargin=\skip47

For additional information on amsmath, use the `?' option.
(/usr/share/texlive/texmf-dist/tex/latex/amsmath/amstext.sty
Package: amstext 2000/06/29 v2.01 AMS text

(/usr/share/texlive/texmf-dist/tex/latex/amsmath/amsgen.sty
File: amsgen.sty 1999/11/30 v2.0 generic functions
\@emptytoks=\toks15
\ex@=\dimen113
))
(/usr/share/texlive/texmf-dist/tex/latex/amsmath/amsbsy.sty
Package: amsbsy 1999/11/29 v1.2d Bold Symbols
\pmbraise@=\dimen114
)
(/usr/share/texlive/texmf-dist/tex/latex/amsmath/amsopn.sty
Package: amsopn 2016/03/08 v2.02 operator names
)
\inf@bad=\count92
LaTeX Info: Redefining \frac on input line 213.
\uproot@=\count93
\leftroot@=\count94
LaTeX Info: Redefining \overline on input line 375.
\classnum@=\count95
\DOTSCASE@=\count96
LaTeX Info: Redefining \ldots on input line 472.
LaTeX Info: Redefining \dots on input line 475.
LaTeX Info: Redefining \cdots on input line 596.
\Mathstrutbox@=\box27
\strutbox@=\box28
\big@size=\dimen115
LaTeX Font Info:    Redeclaring font encoding OML on input line 712.
LaTeX Font Info:    Redeclaring font encoding OMS on input line 713.
\macc@depth=\count97
\c@MaxMatrixCols=\count98
\dotsspace@=\muskip10
\c@parentequation=\count99
\dspbrk@lvl=\count100
\tag@help=\toks16
\row@=\count101
\column@=\count102
\maxfields@=\count103
\andhelp@=\toks17
\eqnshift@=\dimen116
\alignsep@=\dimen117
\tagshift@=\dimen118
\tagwidth@=\dimen119
\totwidth@=\dimen120
\lineht@=\dimen121
\@envbody=\toks18
\multlinegap=\skip48
\multlinetaggap=\skip49
\mathdisplay@stack=\toks19
LaTeX Info: Redefining \[ on input line 2817.
LaTeX Info: Redefining \] on input line 2818.
)
(/usr/share/texlive/texmf-dist/tex/latex/subfig/subfig.sty
Package: subfig 2005/06/28 ver: 1.3 subfig package


Package subfig Warning: Your document class has a bad definition
 of \endfigure, most likely
 \let\endfigure=\end@float
 which has now been changed to
 \def\endfigure{\end@float}
 because otherwise subsequent changes to \end@float
 (like done by several packages changing float behaviour)
 can't take effect on \endfigure.
 Please complain to your document class author.


Package subfig Warning: Your document class has a bad definition
 of \endtable, most likely
 \let\endtable=\end@float
 which has now been changed to
 \def\endtable{\end@float}
 because otherwise subsequent changes to \end@float
 (like done by several packages changing float behaviour)
 can't take effect on \endtable.
 Please complain to your document class author.

(/usr/share/texlive/texmf-dist/tex/latex/graphics/keyval.sty
Package: keyval 2014/10/28 v1.15 key=value parser (DPC)
\KV@toks@=\toks20
)
(/usr/share/texlive/texmf-dist/tex/latex/caption/caption.sty
Package: caption 2017/03/19 v3.3-145 Customizing captions (AR)

(/usr/share/texlive/texmf-dist/tex/latex/caption/caption3.sty
Package: caption3 2018/04/15 v1.7-167 caption3 kernel (AR)
Package caption3 Info: TeX engine: e-TeX on input line 64.
\captionmargin=\dimen122
\captionmargin@=\dimen123
\captionwidth=\dimen124
\caption@tempdima=\dimen125
\caption@indent=\dimen126
\caption@parindent=\dimen127
\caption@hangindent=\dimen128
Package caption Info: Unknown document class (or package),
(caption)             standard defaults will be used.
)

Package caption Warning: Unsupported document class (or package) detected,
(caption)                usage of the caption package is not recommended.
See the caption package documentation for explanation.

Package caption Info: \@makecaption = \long macro:#1#2->\ifx \@captype \@IEEEta
blestring \begin {center}{\footnotesize #1}\\{\footnotesize \scshape #2}\end {c
enter}\@IEEEtablecaptionsepspace \else \@IEEEfigurecaptionsepspace \setbox \@te
mpboxa \hbox {\footnotesize #1.~~ #2}\ifdim \wd \@tempboxa >\hsize \setbox \@te
mpboxa \hbox {\footnotesize #1.~~ }\parbox [t]{\hsize }{\footnotesize \noindent
 \unhbox \@tempboxa #2}\else \ifcenterfigcaptions \hbox to\hsize {\footnotesize
 \hfil \box \@tempboxa \hfil }\else \hbox to\hsize {\footnotesize \box \@tempbo
xa \hfil }\fi \fi \fi .
\c@ContinuedFloat=\count104
)
\c@KVtest=\count105
\sf@farskip=\skip50
\sf@captopadj=\dimen129
\sf@capskip=\skip51
\sf@nearskip=\skip52
\c@subfigure=\count106
\c@subfigure@save=\count107
\c@lofdepth=\count108
\c@subtable=\count109
\c@subtable@save=\count110
\c@lotdepth=\count111
\sf@top=\skip53
\sf@bottom=\skip54
) (/usr/share/texlive/texmf-dist/tex/latex/graphics/graphicx.sty
Package: graphicx 2017/06/01 v1.1a Enhanced LaTeX Graphics (DPC,SPQR)

(/usr/share/texlive/texmf-dist/tex/latex/graphics/graphics.sty
Package: graphics 2017/06/25 v1.2c Standard LaTeX Graphics (DPC,SPQR)

(/usr/share/texlive/texmf-dist/tex/latex/graphics/trig.sty
Package: trig 2016/01/03 v1.10 sin cos tan (DPC)
)
(/usr/share/texlive/texmf-dist/tex/latex/graphics-cfg/graphics.cfg
File: graphics.cfg 2016/06/04 v1.11 sample graphics configuration
)
Package graphics Info: Driver file: pdftex.def on input line 99.

(/usr/share/texlive/texmf-dist/tex/latex/graphics-def/pdftex.def
File: pdftex.def 2018/01/08 v1.0l Graphics/color driver for pdftex
))
\Gin@req@height=\dimen130
\Gin@req@width=\dimen131
)
(/usr/share/texlive/texmf-dist/tex/latex/tools/bm.sty
Package: bm 2017/01/16 v1.2c Bold Symbol Support (DPC/FMi)
\symboldoperators=\mathgroup4
\symboldletters=\mathgroup5
\symboldsymbols=\mathgroup6
LaTeX Font Info:    Redeclaring math alphabet \mathbf on input line 141.
LaTeX Info: Redefining \bm on input line 207.
)
(/usr/share/texlive/texmf-dist/tex/latex/xcolor/xcolor.sty
Package: xcolor 2016/05/11 v2.12 LaTeX color extensions (UK)

(/usr/share/texlive/texmf-dist/tex/latex/graphics-cfg/color.cfg
File: color.cfg 2016/01/02 v1.6 sample color configuration
)
Package xcolor Info: Driver file: pdftex.def on input line 225.
Package xcolor Info: Model `cmy' substituted by `cmy0' on input line 1348.
Package xcolor Info: Model `hsb' substituted by `rgb' on input line 1352.
Package xcolor Info: Model `RGB' extended on input line 1364.
Package xcolor Info: Model `HTML' substituted by `rgb' on input line 1366.
Package xcolor Info: Model `Hsb' substituted by `hsb' on input line 1367.
Package xcolor Info: Model `tHsb' substituted by `hsb' on input line 1368.
Package xcolor Info: Model `HSB' substituted by `hsb' on input line 1369.
Package xcolor Info: Model `Gray' substituted by `gray' on input line 1370.
Package xcolor Info: Model `wave' substituted by `hsb' on input line 1371.
) (./Report.aux

LaTeX Warning: Label `a' multiply defined.


LaTeX Warning: Label `sub@a' multiply defined.


LaTeX Warning: Label `b' multiply defined.


LaTeX Warning: Label `sub@b' multiply defined.


LaTeX Warning: Label `c' multiply defined.


LaTeX Warning: Label `sub@c' multiply defined.


LaTeX Warning: Label `d' multiply defined.


LaTeX Warning: Label `sub@d' multiply defined.


LaTeX Warning: Label `e' multiply defined.


LaTeX Warning: Label `sub@e' multiply defined.


LaTeX Warning: Label `f' multiply defined.


LaTeX Warning: Label `sub@f' multiply defined.


LaTeX Warning: Label `a' multiply defined.


LaTeX Warning: Label `sub@a' multiply defined.


LaTeX Warning: Label `b' multiply defined.


LaTeX Warning: Label `sub@b' multiply defined.


LaTeX Warning: Label `c' multiply defined.


LaTeX Warning: Label `sub@c' multiply defined.


LaTeX Warning: Label `d' multiply defined.


LaTeX Warning: Label `sub@d' multiply defined.


LaTeX Warning: Label `e' multiply defined.


LaTeX Warning: Label `sub@e' multiply defined.


LaTeX Warning: Label `f' multiply defined.


LaTeX Warning: Label `sub@f' multiply defined.


LaTeX Warning: Label `a' multiply defined.


LaTeX Warning: Label `sub@a' multiply defined.


LaTeX Warning: Label `b' multiply defined.


LaTeX Warning: Label `sub@b' multiply defined.


LaTeX Warning: Label `c' multiply defined.


LaTeX Warning: Label `sub@c' multiply defined.


LaTeX Warning: Label `d' multiply defined.


LaTeX Warning: Label `sub@d' multiply defined.


LaTeX Warning: Label `e' multiply defined.


LaTeX Warning: Label `sub@e' multiply defined.


LaTeX Warning: Label `f' multiply defined.


LaTeX Warning: Label `sub@f' multiply defined.

)
\openout1 = `Report.aux'.

LaTeX Font Info:    Checking defaults for OML/cmm/m/it on input line 50.
LaTeX Font Info:    ... okay on input line 50.
LaTeX Font Info:    Checking defaults for T1/cmr/m/n on input line 50.
LaTeX Font Info:    ... okay on input line 50.
LaTeX Font Info:    Checking defaults for OT1/cmr/m/n on input line 50.
LaTeX Font Info:    ... okay on input line 50.
LaTeX Font Info:    Checking defaults for OMS/cmsy/m/n on input line 50.
LaTeX Font Info:    ... okay on input line 50.
LaTeX Font Info:    Checking defaults for OMX/cmex/m/n on input line 50.
LaTeX Font Info:    ... okay on input line 50.
LaTeX Font Info:    Checking defaults for U/cmr/m/n on input line 50.
LaTeX Font Info:    ... okay on input line 50.
Package caption Info: Begin \AtBeginDocument code.
Package caption Info: subfig package v1.3 is loaded.
Package caption Info: End \AtBeginDocument code.
 (/usr/share/texlive/texmf-dist/tex/context/base/mkii/supp-pdf.mkii
[Loading MPS to PDF converter (version 2006.09.02).]
\scratchcounter=\count112
\scratchdimen=\dimen132
\scratchbox=\box29
\nofMPsegments=\count113
\nofMParguments=\count114
\everyMPshowfont=\toks21
\MPscratchCnt=\count115
\MPscratchDim=\dimen133
\MPnumerator=\count116
\makeMPintoPDFobject=\count117
\everyMPtoPDFconversion=\toks22
) (/usr/share/texlive/texmf-dist/tex/latex/oberdiek/epstopdf-base.sty
Package: epstopdf-base 2016/05/15 v2.6 Base part for package epstopdf

(/usr/share/texlive/texmf-dist/tex/generic/oberdiek/infwarerr.sty
Package: infwarerr 2016/05/16 v1.4 Providing info/warning/error messages (HO)
)
(/usr/share/texlive/texmf-dist/tex/latex/oberdiek/grfext.sty
Package: grfext 2016/05/16 v1.2 Manage graphics extensions (HO)

(/usr/share/texlive/texmf-dist/tex/generic/oberdiek/kvdefinekeys.sty
Package: kvdefinekeys 2016/05/16 v1.4 Define keys (HO)

(/usr/share/texlive/texmf-dist/tex/generic/oberdiek/ltxcmds.sty
Package: ltxcmds 2016/05/16 v1.23 LaTeX kernel commands for general use (HO)
)))
(/usr/share/texlive/texmf-dist/tex/latex/oberdiek/kvoptions.sty
Package: kvoptions 2016/05/16 v3.12 Key value format for package options (HO)

(/usr/share/texlive/texmf-dist/tex/generic/oberdiek/kvsetkeys.sty
Package: kvsetkeys 2016/05/16 v1.17 Key value parser (HO)

(/usr/share/texlive/texmf-dist/tex/generic/oberdiek/etexcmds.sty
Package: etexcmds 2016/05/16 v1.6 Avoid name clashes with e-TeX commands (HO)

(/usr/share/texlive/texmf-dist/tex/generic/oberdiek/ifluatex.sty
Package: ifluatex 2016/05/16 v1.4 Provides the ifluatex switch (HO)
Package ifluatex Info: LuaTeX not detected.
))))
(/usr/share/texlive/texmf-dist/tex/generic/oberdiek/pdftexcmds.sty
Package: pdftexcmds 2018/01/30 v0.27 Utility functions of pdfTeX for LuaTeX (HO
)

(/usr/share/texlive/texmf-dist/tex/generic/oberdiek/ifpdf.sty
Package: ifpdf 2017/03/15 v3.2 Provides the ifpdf switch
)
Package pdftexcmds Info: LuaTeX not detected.
Package pdftexcmds Info: \pdf@primitive is available.
Package pdftexcmds Info: \pdf@ifprimitive is available.
Package pdftexcmds Info: \pdfdraftmode found.
)
Package epstopdf-base Info: Redefining graphics rule for `.eps' on input line 4
38.
Package grfext Info: Graphics extension search list:
(grfext)             [.pdf,.png,.jpg,.mps,.jpeg,.jbig2,.jb2,.PDF,.PNG,.JPG,.JPE
G,.JBIG2,.JB2,.eps]
(grfext)             \AppendGraphicsExtensions on input line 456.

(/usr/share/texlive/texmf-dist/tex/latex/latexconfig/epstopdf-sys.cfg
File: epstopdf-sys.cfg 2010/07/13 v1.3 Configuration of (r)epstopdf for TeX Liv
e
))
<curve/Drone.png, id=1, 364.36125pt x 207.77625pt>
File: curve/Drone.png Graphic file (type png)
<use curve/Drone.png>
Package pdftex.def Info: curve/Drone.png  used on input line 78.
(pdftex.def)             Requested size: 216.81pt x 123.63315pt.
<curve/Vicon.jpg, id=3, 6642.8175pt x 3946.745pt>
File: curve/Vicon.jpg Graphic file (type jpg)
<use curve/Vicon.jpg>
Package pdftex.def Info: curve/Vicon.jpg  used on input line 80.
(pdftex.def)             Requested size: 216.81pt x 128.7555pt.

Underfull \vbox (badness 1052) has occurred while \output is active []

 [1{/var/lib/texmf/fonts/map/pdftex/updmap/pdftex.map}


 <./curve/Drone.png> <./curve/Vicon.jpg>]
Underfull \hbox (badness 10000) in paragraph at lines 128--129
[]\OT1/ptm/m/n/10 For on-board op-ti-cal flow sen-sor mea-sure-ments,
 []


Underfull \hbox (badness 10000) in paragraph at lines 128--129
\OT1/ptm/m/n/10 we pre-sume to know the aper-ture an-gle of the
 []


Underfull \hbox (badness 4366) in paragraph at lines 128--129
\OT1/ptm/m/n/10 cam-era $[]  []\OT1/cmr/m/n/10 [\OML/cmm/m/it/10 rad\OT1/cmr/m/
n/10 ]$ \OT1/ptm/m/n/10 and the num-bers of pix-els
 []


Package amsmath Warning: Cannot use `split' here;
(amsmath)                trying to recover with `aligned' on input line 145.

[2] [3] [4]
Underfull \hbox (badness 1448) in paragraph at lines 393--394
 \OT1/ptm/m/it/10 3) Cor-rec-tion Step II: [][] \OT1/ptm/m/n/10 For the sec-ond
 mea-sure-ment
 []


Overfull \hbox (2.96304pt too wide) detected at line 522
[][]
 []

[5]
<curve/Eax.png, id=43, 514.92375pt x 420.06938pt>
File: curve/Eax.png Graphic file (type png)
<use curve/Eax.png>
Package pdftex.def Info: curve/Eax.png  used on input line 571.
(pdftex.def)             Requested size: 118.88445pt x 96.97928pt.
<curve/Eay.png, id=44, 523.9575pt x 421.575pt>
File: curve/Eay.png Graphic file (type png)
<use curve/Eay.png>
Package pdftex.def Info: curve/Eay.png  used on input line 573.
(pdftex.def)             Requested size: 118.88445pt x 95.65436pt.
<curve/Eaz.png, id=45, 515.67656pt x 421.575pt>
File: curve/Eaz.png Graphic file (type png)
<use curve/Eaz.png>
Package pdftex.def Info: curve/Eaz.png  used on input line 575.
(pdftex.def)             Requested size: 118.88445pt x 97.18535pt.
<curve/Ewx.png, id=46, 689.57625pt x 540.0175pt>
File: curve/Ewx.png Graphic file (type png)
<use curve/Ewx.png>
Package pdftex.def Info: curve/Ewx.png  used on input line 577.
(pdftex.def)             Requested size: 118.88445pt x 93.09543pt.
<curve/Ewy.png, id=47, 688.5725pt x 545.03625pt>
File: curve/Ewy.png Graphic file (type png)
<use curve/Ewy.png>
Package pdftex.def Info: curve/Ewy.png  used on input line 579.
(pdftex.def)             Requested size: 118.88445pt x 94.10202pt.
<curve/Ewz.png, id=48, 690.58pt x 547.04375pt>
File: curve/Ewz.png Graphic file (type png)
<use curve/Ewz.png>
Package pdftex.def Info: curve/Ewz.png  used on input line 581.
(pdftex.def)             Requested size: 118.88445pt x 94.17316pt.
 [6 <./curve/Eax.png (PNG copy)> <./curve/Eay.png (PNG copy)> <./curve/Eaz.png 
(PNG copy)> <./curve/Ewx.png> <./curve/Ewy.png> <./curve/Ewz.png>]
<curve/Tracking_x.png, id=53, 627.09282pt x 514.17094pt>
File: curve/Tracking_x.png Graphic file (type png)
<use curve/Tracking_x.png>
Package pdftex.def Info: curve/Tracking_x.png  used on input line 596.
(pdftex.def)             Requested size: 118.88445pt x 97.47382pt.
<curve/Tracking_y.png, id=54, 627.84563pt x 512.66531pt>
File: curve/Tracking_y.png Graphic file (type png)
<use curve/Tracking_y.png>
Package pdftex.def Info: curve/Tracking_y.png  used on input line 598.
(pdftex.def)             Requested size: 118.88445pt x 97.07104pt.
<curve/Tracking_z.png, id=55, 627.09282pt x 513.41812pt>
File: curve/Tracking_z.png Graphic file (type png)
<use curve/Tracking_z.png>
Package pdftex.def Info: curve/Tracking_z.png  used on input line 600.
(pdftex.def)             Requested size: 118.88445pt x 97.3311pt.
<curve/Tracking_vx.png, id=56, 626.34pt x 515.67656pt>
File: curve/Tracking_vx.png Graphic file (type png)
<use curve/Tracking_vx.png>
Package pdftex.def Info: curve/Tracking_vx.png  used on input line 602.
(pdftex.def)             Requested size: 118.88445pt x 97.87726pt.
<curve/Tracking_vy.png, id=57, 626.34pt x 517.18219pt>
File: curve/Tracking_vy.png Graphic file (type png)
<use curve/Tracking_vy.png>
Package pdftex.def Info: curve/Tracking_vy.png  used on input line 604.
(pdftex.def)             Requested size: 118.88445pt x 98.16304pt.
<curve/Tracking_vz.png, id=58, 627.84563pt x 517.18219pt>
File: curve/Tracking_vz.png Graphic file (type png)
<use curve/Tracking_vz.png>
Package pdftex.def Info: curve/Tracking_vz.png  used on input line 606.
(pdftex.def)             Requested size: 118.88445pt x 97.9263pt.
<curve/Error_x.png, id=59, 740.7675pt x 688.5725pt>
File: curve/Error_x.png Graphic file (type png)
<use curve/Error_x.png>
Package pdftex.def Info: curve/Error_x.png  used on input line 619.
(pdftex.def)             Requested size: 118.88445pt x 110.49956pt.
<curve/Error_y.png, id=60, 739.76375pt x 688.5725pt>
File: curve/Error_y.png Graphic file (type png)
<use curve/Error_y.png>
Package pdftex.def Info: curve/Error_y.png  used on input line 621.
(pdftex.def)             Requested size: 118.88445pt x 110.65715pt.
<curve/Error_z.png, id=61, 739.76375pt x 689.57625pt>
File: curve/Error_z.png Graphic file (type png)
<use curve/Error_z.png>
Package pdftex.def Info: curve/Error_z.png  used on input line 623.
(pdftex.def)             Requested size: 118.88445pt x 110.81847pt.
<curve/Error_vx.png, id=62, 741.77126pt x 690.58pt>
File: curve/Error_vx.png Graphic file (type png)
<use curve/Error_vx.png>
Package pdftex.def Info: curve/Error_vx.png  used on input line 625.
(pdftex.def)             Requested size: 118.88445pt x 110.67418pt.
<curve/Error_vy.png, id=63, 551.81157pt x 515.67656pt>
File: curve/Error_vy.png Graphic file (type png)
<use curve/Error_vy.png>
Package pdftex.def Info: curve/Error_vy.png  used on input line 627.
(pdftex.def)             Requested size: 118.88445pt x 111.09648pt.
<curve/Error_vz.png, id=64, 744.7825pt x 687.56876pt>
File: curve/Error_vz.png Graphic file (type png)
<use curve/Error_vz.png>
Package pdftex.def Info: curve/Error_vz.png  used on input line 629.
(pdftex.def)             Requested size: 118.88445pt x 109.75096pt.
 [7 <./curve/Tracking_x.png (PNG copy)> <./curve/Tracking_y.png (PNG copy)> <./
curve/Tracking_z.png (PNG copy)> <./curve/Tracking_vx.png (PNG copy)> <./curve/
Tracking_vy.png (PNG copy)> <./curve/Tracking_vz.png (PNG copy)> <./curve/Error
_x.png> <./curve/Error_y.png> <./curve/Error_z.png> <./curve/Error_vx.png> <./c
urve/Error_vy.png (PNG copy)> <./curve/Error_vz.png>]
<curve/Bias_Ex.png, id=70, 518.6878pt x 514.17094pt>
File: curve/Bias_Ex.png Graphic file (type png)
<use curve/Bias_Ex.png>
Package pdftex.def Info: curve/Bias_Ex.png  used on input line 641.
(pdftex.def)             Requested size: 118.88445pt x 117.84885pt.
<curve/Bias_Ey.png, id=71, 525.46312pt x 514.17094pt>
File: curve/Bias_Ey.png Graphic file (type png)
<use curve/Bias_Ey.png>
Package pdftex.def Info: curve/Bias_Ey.png  used on input line 643.
(pdftex.def)             Requested size: 118.88445pt x 116.32681pt.

Overfull \hbox (2.55096pt too wide) in paragraph at lines 641--643
 [][][] 
 []

<curve/Bias_Ez.png, id=72, 522.45187pt x 512.66531pt>
File: curve/Bias_Ez.png Graphic file (type png)
<use curve/Bias_Ez.png>
Package pdftex.def Info: curve/Bias_Ez.png  used on input line 645.
(pdftex.def)             Requested size: 118.88445pt x 116.6511pt.
<curve/Bias_Evx.png, id=73, 521.69907pt x 516.42938pt>
File: curve/Bias_Evx.png Graphic file (type png)
<use curve/Bias_Evx.png>
Package pdftex.def Info: curve/Bias_Evx.png  used on input line 647.
(pdftex.def)             Requested size: 118.88445pt x 117.68092pt.
<curve/Bias_Evy.png, id=74, 520.94624pt x 517.935pt>
File: curve/Bias_Evy.png Graphic file (type png)
<use curve/Bias_Evy.png>
Package pdftex.def Info: curve/Bias_Evy.png  used on input line 649.
(pdftex.def)             Requested size: 118.88445pt x 118.19788pt.
<curve/Bias_Evz.png, id=75, 523.9575pt x 516.42938pt>
File: curve/Bias_Evz.png Graphic file (type png)
<use curve/Bias_Evz.png>
Package pdftex.def Info: curve/Bias_Evz.png  used on input line 651.
(pdftex.def)             Requested size: 118.88445pt x 117.1766pt.
(./Report.bbl
Underfull \hbox (badness 1874) in paragraph at lines 31--36
[]\OT1/ptm/m/n/8 V. Gonzalez-Dugo, P. Zarco-Tejada, E. Nicol[]as, P. A. Nortes,

 []

)

** Conference Paper **
Before submitting the final camera ready copy, remember to:

 1. Manually equalize the lengths of two columns on the last page
 of your paper;

 2. Ensure that any PostScript and/or PDF output post-processing
 uses only Type 1 fonts and that every step in the generation
 process uses the US letter (8.5in X 11in) paper size.

[8 <./curve/Bias_Ex.png (PNG copy)> <./curve/Bias_Ey.png (PNG copy)> <./curve/B
ias_Ez.png (PNG copy)> <./curve/Bias_Evx.png (PNG copy)> <./curve/Bias_Evy.png 
(PNG copy)> <./curve/Bias_Evz.png (PNG copy)>] (./Report.aux)

LaTeX Warning: There were multiply-defined labels.

 ) 
Here is how much of TeX's memory you used:
 4572 strings out of 492648
 69505 string characters out of 6132014
 152344 words of memory out of 5000000
 8373 multiletter control sequences out of 15000+600000
 42012 words of font info for 89 fonts, out of 8000000 for 9000
 1141 hyphenation exceptions out of 8191
 44i,21n,49p,1081b,348s stack positions out of 5000i,500n,10000p,200000b,80000s
{/usr/share/texlive/texmf-dist/fonts/enc/dvips/base/8r.enc}</usr/share/texliv
e/texmf-dist/fonts/type1/public/amsfonts/cmextra/cmbsy5.pfb></usr/share/texlive
/texmf-dist/fonts/type1/public/amsfonts/cmextra/cmbsy7.pfb></usr/share/texlive/
texmf-dist/fonts/type1/public/amsfonts/cm/cmbx10.pfb></usr/share/texlive/texmf-
dist/fonts/type1/public/amsfonts/cm/cmbx5.pfb></usr/share/texlive/texmf-dist/fo
nts/type1/public/amsfonts/cm/cmbx7.pfb></usr/share/texlive/texmf-dist/fonts/typ
e1/public/amsfonts/cm/cmex10.pfb></usr/share/texlive/texmf-dist/fonts/type1/pub
lic/amsfonts/cm/cmmi10.pfb></usr/share/texlive/texmf-dist/fonts/type1/public/am
sfonts/cm/cmmi5.pfb></usr/share/texlive/texmf-dist/fonts/type1/public/amsfonts/
cm/cmmi6.pfb></usr/share/texlive/texmf-dist/fonts/type1/public/amsfonts/cm/cmmi
7.pfb></usr/share/texlive/texmf-dist/fonts/type1/public/amsfonts/cm/cmmi8.pfb><
/usr/share/texlive/texmf-dist/fonts/type1/public/amsfonts/cm/cmmib10.pfb></usr/
share/texlive/texmf-dist/fonts/type1/public/amsfonts/cmextra/cmmib5.pfb></usr/s
hare/texlive/texmf-dist/fonts/type1/public/amsfonts/cmextra/cmmib7.pfb></usr/sh
are/texlive/texmf-dist/fonts/type1/public/amsfonts/cm/cmr10.pfb></usr/share/tex
live/texmf-dist/fonts/type1/public/amsfonts/cm/cmr5.pfb></usr/share/texlive/tex
mf-dist/fonts/type1/public/amsfonts/cm/cmr7.pfb></usr/share/texlive/texmf-dist/
fonts/type1/public/amsfonts/cm/cmsy10.pfb></usr/share/texlive/texmf-dist/fonts/
type1/public/amsfonts/cm/cmsy7.pfb></usr/share/texlive/texmf-dist/fonts/type1/u
rw/times/utmb8a.pfb></usr/share/texlive/texmf-dist/fonts/type1/urw/times/utmbi8
a.pfb></usr/share/texlive/texmf-dist/fonts/type1/urw/times/utmr8a.pfb></usr/sha
re/texlive/texmf-dist/fonts/type1/urw/times/utmri8a.pfb>
Output written on Report.pdf (8 pages, 10330190 bytes).
PDF statistics:
 152 PDF objects out of 1000 (max. 8388607)
 91 compressed objects within 1 object stream
 0 named destinations out of 1000 (max. 500000)
 131 words of extra memory for PDF output out of 10000 (max. 10000000)

